mode: set
github.com/grigri/pv/cmd/add.go:20.59,22.20 1 0
github.com/grigri/pv/cmd/add.go:22.20,31.3 8 0
github.com/grigri/pv/cmd/add.go:33.2,37.16 3 0
github.com/grigri/pv/cmd/add.go:37.16,40.30 2 0
github.com/grigri/pv/cmd/add.go:40.30,41.23 1 0
github.com/grigri/pv/cmd/add.go:42.33,44.11 2 0
github.com/grigri/pv/cmd/add.go:45.30,47.11 2 0
github.com/grigri/pv/cmd/add.go:48.27,52.11 4 0
github.com/grigri/pv/cmd/add.go:53.30,57.11 4 0
github.com/grigri/pv/cmd/add.go:58.12,60.11 2 0
github.com/grigri/pv/cmd/add.go:65.3,65.56 1 0
github.com/grigri/pv/cmd/add.go:69.2,73.30 5 0
github.com/grigri/pv/cmd/add.go:73.30,75.3 1 0
github.com/grigri/pv/cmd/add.go:76.2,76.26 1 0
github.com/grigri/pv/cmd/add.go:76.26,78.3 1 0
github.com/grigri/pv/cmd/add.go:79.2,80.55 2 0
github.com/grigri/pv/cmd/add.go:83.64,105.2 2 0
github.com/grigri/pv/cmd/auth.go:9.102,24.2 3 0
github.com/grigri/pv/cmd/auth_login.go:24.72,39.2 2 0
github.com/grigri/pv/cmd/auth_login.go:42.71,47.16 3 0
github.com/grigri/pv/cmd/auth_login.go:47.16,49.3 1 0
github.com/grigri/pv/cmd/auth_login.go:52.2,53.48 2 0
github.com/grigri/pv/cmd/auth_login.go:53.48,56.3 2 0
github.com/grigri/pv/cmd/auth_login.go:59.2,60.16 2 0
github.com/grigri/pv/cmd/auth_login.go:60.16,64.3 3 0
github.com/grigri/pv/cmd/auth_login.go:66.2,69.12 3 0
github.com/grigri/pv/cmd/auth_login.go:73.34,77.16 3 0
github.com/grigri/pv/cmd/auth_login.go:77.16,79.3 1 0
github.com/grigri/pv/cmd/auth_login.go:82.2,85.45 2 0
github.com/grigri/pv/cmd/auth_login.go:85.45,87.3 1 0
github.com/grigri/pv/cmd/auth_login.go:89.2,89.19 1 0
github.com/grigri/pv/cmd/auth_login.go:93.40,95.17 1 0
github.com/grigri/pv/cmd/auth_login.go:95.17,97.3 1 0
github.com/grigri/pv/cmd/auth_login.go:100.2,100.21 1 0
github.com/grigri/pv/cmd/auth_login.go:100.21,102.3 1 0
github.com/grigri/pv/cmd/auth_login.go:105.2,106.41 2 0
github.com/grigri/pv/cmd/auth_login.go:106.41,108.35 1 0
github.com/grigri/pv/cmd/auth_login.go:108.35,110.4 1 0
github.com/grigri/pv/cmd/auth_login.go:111.3,111.135 1 0
github.com/grigri/pv/cmd/auth_login.go:115.2,115.22 1 0
github.com/grigri/pv/cmd/auth_login.go:115.22,117.3 1 0
github.com/grigri/pv/cmd/auth_login.go:119.2,119.12 1 0
github.com/grigri/pv/cmd/auth_logout.go:21.74,30.2 2 0
github.com/grigri/pv/cmd/auth_logout.go:33.72,34.44 1 0
github.com/grigri/pv/cmd/auth_logout.go:34.44,37.3 2 0
github.com/grigri/pv/cmd/auth_logout.go:39.2,41.12 2 0
github.com/grigri/pv/cmd/auth_status.go:21.74,30.2 2 0
github.com/grigri/pv/cmd/auth_status.go:33.72,35.16 2 0
github.com/grigri/pv/cmd/auth_status.go:35.16,38.3 2 0
github.com/grigri/pv/cmd/auth_status.go:40.2,42.12 2 0
github.com/grigri/pv/cmd/delete.go:20.62,22.19 1 1
github.com/grigri/pv/cmd/delete.go:22.19,35.3 12 1
github.com/grigri/pv/cmd/delete.go:38.2,38.19 1 1
github.com/grigri/pv/cmd/delete.go:39.9,41.29 1 1
github.com/grigri/pv/cmd/delete.go:42.9,45.27 2 1
github.com/grigri/pv/cmd/delete.go:45.27,47.25 1 1
github.com/grigri/pv/cmd/delete.go:47.25,50.5 1 1
github.com/grigri/pv/cmd/delete.go:50.10,53.5 1 1
github.com/grigri/pv/cmd/delete.go:54.9,57.4 1 1
github.com/grigri/pv/cmd/delete.go:62.48,64.29 1 1
github.com/grigri/pv/cmd/delete.go:64.29,66.3 1 1
github.com/grigri/pv/cmd/delete.go:69.2,69.41 1 1
github.com/grigri/pv/cmd/delete.go:69.41,71.3 1 1
github.com/grigri/pv/cmd/delete.go:75.2,75.30 1 1
github.com/grigri/pv/cmd/delete.go:79.51,80.20 1 1
github.com/grigri/pv/cmd/delete.go:80.20,82.3 1 1
github.com/grigri/pv/cmd/delete.go:83.2,84.49 1 1
github.com/grigri/pv/cmd/delete.go:88.38,92.2 1 1
github.com/grigri/pv/cmd/delete.go:95.47,96.43 1 1
github.com/grigri/pv/cmd/delete.go:96.43,97.35 1 1
github.com/grigri/pv/cmd/delete.go:97.35,99.4 1 1
github.com/grigri/pv/cmd/delete.go:101.2,101.14 1 1
github.com/grigri/pv/cmd/delete.go:105.38,108.29 2 1
github.com/grigri/pv/cmd/delete.go:108.29,109.41 1 1
github.com/grigri/pv/cmd/delete.go:109.41,110.25 1 1
github.com/grigri/pv/cmd/delete.go:110.25,112.5 1 1
github.com/grigri/pv/cmd/delete.go:115.2,115.14 1 1
github.com/grigri/pv/cmd/delete.go:119.48,120.17 1 1
github.com/grigri/pv/cmd/delete.go:120.17,122.3 1 0
github.com/grigri/pv/cmd/delete.go:124.2,127.46 3 1
github.com/grigri/pv/cmd/delete.go:127.46,128.41 1 1
github.com/grigri/pv/cmd/delete.go:128.41,131.4 2 1
github.com/grigri/pv/cmd/delete.go:133.2,134.15 2 1
github.com/grigri/pv/cmd/delete.go:138.33,139.22 1 1
github.com/grigri/pv/cmd/delete.go:139.22,140.84 1 1
github.com/grigri/pv/cmd/delete.go:140.84,142.4 1 1
github.com/grigri/pv/cmd/delete.go:144.2,144.13 1 1
github.com/grigri/pv/cmd/delete.go:148.52,153.29 2 1
github.com/grigri/pv/cmd/delete.go:153.29,154.64 1 1
github.com/grigri/pv/cmd/delete.go:154.64,156.4 1 1
github.com/grigri/pv/cmd/delete.go:159.2,159.11 1 1
github.com/grigri/pv/cmd/delete.go:163.43,168.16 3 1
github.com/grigri/pv/cmd/delete.go:168.16,171.3 2 1
github.com/grigri/pv/cmd/delete.go:174.2,174.23 1 1
github.com/grigri/pv/cmd/delete.go:174.23,183.3 8 1
github.com/grigri/pv/cmd/delete.go:185.2,193.16 5 1
github.com/grigri/pv/cmd/delete.go:193.16,195.45 1 1
github.com/grigri/pv/cmd/delete.go:195.45,198.4 2 0
github.com/grigri/pv/cmd/delete.go:200.3,201.9 2 1
github.com/grigri/pv/cmd/delete.go:205.2,209.16 4 0
github.com/grigri/pv/cmd/delete.go:209.16,211.45 1 0
github.com/grigri/pv/cmd/delete.go:211.45,214.4 2 0
github.com/grigri/pv/cmd/delete.go:216.3,217.9 2 0
github.com/grigri/pv/cmd/delete.go:221.2,221.16 1 0
github.com/grigri/pv/cmd/delete.go:221.16,224.3 2 0
github.com/grigri/pv/cmd/delete.go:227.2,231.16 3 0
github.com/grigri/pv/cmd/delete.go:231.16,241.3 9 0
github.com/grigri/pv/cmd/delete.go:244.2,248.88 5 0
github.com/grigri/pv/cmd/delete.go:252.52,257.16 3 1
github.com/grigri/pv/cmd/delete.go:257.16,267.3 9 1
github.com/grigri/pv/cmd/delete.go:270.2,270.31 1 1
github.com/grigri/pv/cmd/delete.go:270.31,284.3 13 1
github.com/grigri/pv/cmd/delete.go:287.2,292.41 4 1
github.com/grigri/pv/cmd/delete.go:292.41,295.3 1 1
github.com/grigri/pv/cmd/delete.go:296.2,305.16 6 1
github.com/grigri/pv/cmd/delete.go:305.16,307.45 1 1
github.com/grigri/pv/cmd/delete.go:307.45,310.4 2 0
github.com/grigri/pv/cmd/delete.go:312.3,313.9 2 1
github.com/grigri/pv/cmd/delete.go:317.2,323.16 5 0
github.com/grigri/pv/cmd/delete.go:323.16,325.45 1 0
github.com/grigri/pv/cmd/delete.go:325.45,328.4 2 0
github.com/grigri/pv/cmd/delete.go:330.3,331.9 2 0
github.com/grigri/pv/cmd/delete.go:335.2,335.16 1 0
github.com/grigri/pv/cmd/delete.go:335.16,338.3 2 0
github.com/grigri/pv/cmd/delete.go:341.2,345.16 3 0
github.com/grigri/pv/cmd/delete.go:345.16,356.3 10 0
github.com/grigri/pv/cmd/delete.go:359.2,365.83 7 0
github.com/grigri/pv/cmd/delete.go:369.52,373.28 2 1
github.com/grigri/pv/cmd/delete.go:373.28,383.3 9 0
github.com/grigri/pv/cmd/delete.go:386.2,387.18 2 1
github.com/grigri/pv/cmd/delete.go:387.18,395.3 7 0
github.com/grigri/pv/cmd/delete.go:397.2,404.16 4 1
github.com/grigri/pv/cmd/delete.go:404.16,414.3 9 0
github.com/grigri/pv/cmd/delete.go:417.2,417.23 1 1
github.com/grigri/pv/cmd/delete.go:417.23,431.3 13 1
github.com/grigri/pv/cmd/delete.go:434.2,448.16 9 1
github.com/grigri/pv/cmd/delete.go:448.16,450.45 1 1
github.com/grigri/pv/cmd/delete.go:450.45,453.4 2 0
github.com/grigri/pv/cmd/delete.go:455.3,456.9 2 1
github.com/grigri/pv/cmd/delete.go:460.2,460.16 1 0
github.com/grigri/pv/cmd/delete.go:460.16,463.3 2 0
github.com/grigri/pv/cmd/delete.go:466.2,470.16 3 0
github.com/grigri/pv/cmd/delete.go:470.16,481.3 10 0
github.com/grigri/pv/cmd/delete.go:484.2,491.71 8 0
github.com/grigri/pv/cmd/delete.go:495.55,500.45 3 1
github.com/grigri/pv/cmd/delete.go:500.45,512.3 11 1
github.com/grigri/pv/cmd/delete.go:512.8,520.3 7 1
github.com/grigri/pv/cmd/delete.go:524.89,561.2 2 1
github.com/grigri/pv/cmd/list.go:19.60,21.16 2 0
github.com/grigri/pv/cmd/list.go:21.16,23.39 1 0
github.com/grigri/pv/cmd/list.go:23.39,33.4 9 0
github.com/grigri/pv/cmd/list.go:35.3,35.42 1 0
github.com/grigri/pv/cmd/list.go:35.42,43.4 7 0
github.com/grigri/pv/cmd/list.go:46.3,46.46 1 0
github.com/grigri/pv/cmd/list.go:50.2,50.23 1 0
github.com/grigri/pv/cmd/list.go:50.23,53.3 2 0
github.com/grigri/pv/cmd/list.go:55.2,56.25 2 0
github.com/grigri/pv/cmd/list.go:56.25,59.3 2 0
github.com/grigri/pv/cmd/list.go:62.48,68.2 2 0
github.com/grigri/pv/cmd/root.go:11.94,15.48 1 0
github.com/grigri/pv/cmd/root.go:15.48,17.4 1 0
github.com/grigri/pv/cmd/root.go:19.2,32.13 4 0
