mode: set
github.com/grigri/pv/internal/tui/confirm.go:23.56,31.2 1 1
github.com/grigri/pv/internal/tui/confirm.go:34.38,36.2 1 1
github.com/grigri/pv/internal/tui/confirm.go:39.64,40.27 1 1
github.com/grigri/pv/internal/tui/confirm.go:41.25,44.16 3 1
github.com/grigri/pv/internal/tui/confirm.go:46.18,47.40 1 1
github.com/grigri/pv/internal/tui/confirm.go:48.12,50.22 2 1
github.com/grigri/pv/internal/tui/confirm.go:52.24,54.22 2 1
github.com/grigri/pv/internal/tui/confirm.go:56.17,58.22 2 1
github.com/grigri/pv/internal/tui/confirm.go:62.2,62.15 1 1
github.com/grigri/pv/internal/tui/confirm.go:66.37,67.18 1 1
github.com/grigri/pv/internal/tui/confirm.go:67.18,69.3 1 1
github.com/grigri/pv/internal/tui/confirm.go:71.2,71.32 1 1
github.com/grigri/pv/internal/tui/confirm.go:75.52,146.32 15 1
github.com/grigri/pv/internal/tui/confirm.go:146.32,151.3 1 1
github.com/grigri/pv/internal/tui/confirm.go:153.2,179.45 9 1
github.com/grigri/pv/internal/tui/confirm.go:183.44,200.2 4 1
github.com/grigri/pv/internal/tui/confirm.go:203.67,204.22 1 1
github.com/grigri/pv/internal/tui/confirm.go:204.22,206.3 1 1
github.com/grigri/pv/internal/tui/confirm.go:208.2,208.17 1 1
github.com/grigri/pv/internal/tui/confirm.go:208.17,210.3 1 1
github.com/grigri/pv/internal/tui/confirm.go:212.2,212.29 1 1
github.com/grigri/pv/internal/tui/confirm.go:216.42,218.2 1 1
github.com/grigri/pv/internal/tui/confirm.go:221.42,223.2 1 1
github.com/grigri/pv/internal/tui/confirm.go:226.39,228.2 1 1
github.com/grigri/pv/internal/tui/confirm.go:231.44,233.2 1 1
github.com/grigri/pv/internal/tui/error.go:25.42,29.46 3 1
github.com/grigri/pv/internal/tui/error.go:29.46,32.3 2 0
github.com/grigri/pv/internal/tui/error.go:32.8,35.3 2 1
github.com/grigri/pv/internal/tui/error.go:37.2,43.3 1 1
github.com/grigri/pv/internal/tui/error.go:47.36,49.2 1 1
github.com/grigri/pv/internal/tui/error.go:53.62,54.27 1 1
github.com/grigri/pv/internal/tui/error.go:55.25,58.16 3 1
github.com/grigri/pv/internal/tui/error.go:60.18,62.23 1 1
github.com/grigri/pv/internal/tui/error.go:63.17,65.22 2 0
github.com/grigri/pv/internal/tui/error.go:66.11,69.22 2 1
github.com/grigri/pv/internal/tui/error.go:73.2,73.15 1 1
github.com/grigri/pv/internal/tui/error.go:78.35,79.30 1 1
github.com/grigri/pv/internal/tui/error.go:79.30,81.3 1 1
github.com/grigri/pv/internal/tui/error.go:84.2,127.18 11 1
github.com/grigri/pv/internal/tui/error.go:127.18,129.26 2 1
github.com/grigri/pv/internal/tui/error.go:129.26,133.4 1 1
github.com/grigri/pv/internal/tui/error.go:136.2,136.12 1 1
github.com/grigri/pv/internal/tui/error.go:140.61,141.21 1 1
github.com/grigri/pv/internal/tui/error.go:142.28,143.32 1 0
github.com/grigri/pv/internal/tui/error.go:144.22,145.28 1 0
github.com/grigri/pv/internal/tui/error.go:146.25,147.28 1 0
github.com/grigri/pv/internal/tui/error.go:148.25,149.28 1 0
github.com/grigri/pv/internal/tui/error.go:150.28,151.28 1 0
github.com/grigri/pv/internal/tui/error.go:152.10,153.27 1 1
github.com/grigri/pv/internal/tui/error.go:158.44,159.21 1 1
github.com/grigri/pv/internal/tui/error.go:160.28,161.30 1 0
github.com/grigri/pv/internal/tui/error.go:162.22,163.30 1 0
github.com/grigri/pv/internal/tui/error.go:164.25,165.24 1 0
github.com/grigri/pv/internal/tui/error.go:166.25,167.24 1 0
github.com/grigri/pv/internal/tui/error.go:168.28,169.24 1 0
github.com/grigri/pv/internal/tui/error.go:170.10,171.24 1 1
github.com/grigri/pv/internal/tui/error.go:176.70,177.30 1 1
github.com/grigri/pv/internal/tui/error.go:177.30,179.3 1 1
github.com/grigri/pv/internal/tui/error.go:181.2,185.29 4 1
github.com/grigri/pv/internal/tui/error.go:185.29,186.47 1 1
github.com/grigri/pv/internal/tui/error.go:186.47,187.25 1 1
github.com/grigri/pv/internal/tui/error.go:187.25,189.5 1 1
github.com/grigri/pv/internal/tui/error.go:189.10,191.5 1 1
github.com/grigri/pv/internal/tui/error.go:192.9,193.25 1 1
github.com/grigri/pv/internal/tui/error.go:193.25,195.5 1 1
github.com/grigri/pv/internal/tui/error.go:196.4,196.22 1 1
github.com/grigri/pv/internal/tui/error.go:200.2,200.23 1 1
github.com/grigri/pv/internal/tui/error.go:200.23,202.3 1 1
github.com/grigri/pv/internal/tui/error.go:204.2,204.34 1 1
github.com/grigri/pv/internal/tui/error.go:208.41,210.2 1 1
github.com/grigri/pv/internal/tui/error.go:214.33,220.19 4 0
github.com/grigri/pv/internal/tui/error.go:220.19,222.3 1 0
github.com/grigri/pv/internal/tui/error.go:225.2,225.80 1 0
github.com/grigri/pv/internal/tui/error.go:225.80,227.3 1 0
github.com/grigri/pv/internal/tui/error.go:229.2,229.64 1 0
github.com/grigri/pv/internal/tui/factory.go:25.38,30.2 1 0
github.com/grigri/pv/internal/tui/factory.go:34.77,39.2 1 0
github.com/grigri/pv/internal/tui/factory.go:44.87,46.23 1 0
github.com/grigri/pv/internal/tui/factory.go:46.23,48.3 1 0
github.com/grigri/pv/internal/tui/factory.go:51.2,55.19 3 0
github.com/grigri/pv/internal/tui/factory.go:55.19,57.3 1 0
github.com/grigri/pv/internal/tui/factory.go:58.2,58.22 1 0
github.com/grigri/pv/internal/tui/factory.go:58.22,60.3 1 0
github.com/grigri/pv/internal/tui/factory.go:63.2,66.16 3 0
github.com/grigri/pv/internal/tui/factory.go:66.16,68.3 1 0
github.com/grigri/pv/internal/tui/factory.go:71.2,71.61 1 0
github.com/grigri/pv/internal/tui/factory.go:71.61,73.32 1 0
github.com/grigri/pv/internal/tui/factory.go:73.32,75.4 1 0
github.com/grigri/pv/internal/tui/factory.go:78.3,78.52 1 0
github.com/grigri/pv/internal/tui/factory.go:78.52,80.4 1 0
github.com/grigri/pv/internal/tui/factory.go:83.3,83.65 1 0
github.com/grigri/pv/internal/tui/factory.go:83.65,85.4 1 0
github.com/grigri/pv/internal/tui/factory.go:88.3,88.60 1 0
github.com/grigri/pv/internal/tui/factory.go:92.2,92.82 1 0
github.com/grigri/pv/internal/tui/factory.go:97.110,99.23 1 0
github.com/grigri/pv/internal/tui/factory.go:99.23,101.3 1 0
github.com/grigri/pv/internal/tui/factory.go:104.2,108.19 3 0
github.com/grigri/pv/internal/tui/factory.go:108.19,110.3 1 0
github.com/grigri/pv/internal/tui/factory.go:111.2,111.22 1 0
github.com/grigri/pv/internal/tui/factory.go:111.22,113.3 1 0
github.com/grigri/pv/internal/tui/factory.go:116.2,119.16 3 0
github.com/grigri/pv/internal/tui/factory.go:119.16,121.3 1 0
github.com/grigri/pv/internal/tui/factory.go:124.2,124.61 1 0
github.com/grigri/pv/internal/tui/factory.go:124.61,126.32 1 0
github.com/grigri/pv/internal/tui/factory.go:126.32,128.4 1 0
github.com/grigri/pv/internal/tui/factory.go:131.3,131.52 1 0
github.com/grigri/pv/internal/tui/factory.go:131.52,133.4 1 0
github.com/grigri/pv/internal/tui/factory.go:136.3,136.65 1 0
github.com/grigri/pv/internal/tui/factory.go:136.65,138.4 1 0
github.com/grigri/pv/internal/tui/factory.go:141.3,141.60 1 0
github.com/grigri/pv/internal/tui/factory.go:145.2,145.82 1 0
github.com/grigri/pv/internal/tui/factory.go:151.73,157.19 3 0
github.com/grigri/pv/internal/tui/factory.go:157.19,159.3 1 0
github.com/grigri/pv/internal/tui/factory.go:160.2,160.22 1 0
github.com/grigri/pv/internal/tui/factory.go:160.22,162.3 1 0
github.com/grigri/pv/internal/tui/factory.go:165.2,168.16 3 0
github.com/grigri/pv/internal/tui/factory.go:168.16,170.3 1 0
github.com/grigri/pv/internal/tui/factory.go:173.2,173.60 1 0
github.com/grigri/pv/internal/tui/factory.go:173.60,175.35 1 0
github.com/grigri/pv/internal/tui/factory.go:175.35,177.4 1 0
github.com/grigri/pv/internal/tui/factory.go:180.3,180.38 1 0
github.com/grigri/pv/internal/tui/factory.go:180.38,182.4 1 0
github.com/grigri/pv/internal/tui/factory.go:185.3,185.46 1 0
github.com/grigri/pv/internal/tui/factory.go:189.2,189.73 1 0
github.com/grigri/pv/internal/tui/factory.go:194.53,200.19 3 0
github.com/grigri/pv/internal/tui/factory.go:200.19,202.3 1 0
github.com/grigri/pv/internal/tui/factory.go:203.2,203.22 1 0
github.com/grigri/pv/internal/tui/factory.go:203.22,205.3 1 0
github.com/grigri/pv/internal/tui/factory.go:208.2,211.19 3 0
github.com/grigri/pv/internal/tui/factory.go:211.19,214.3 1 0
github.com/grigri/pv/internal/tui/factory.go:217.2,217.56 1 0
github.com/grigri/pv/internal/tui/factory.go:217.56,218.37 1 0
github.com/grigri/pv/internal/tui/factory.go:218.37,220.4 1 0
github.com/grigri/pv/internal/tui/factory.go:224.2,224.91 1 0
github.com/grigri/pv/internal/tui/factory.go:231.75,234.19 2 0
github.com/grigri/pv/internal/tui/factory.go:234.19,236.3 1 0
github.com/grigri/pv/internal/tui/factory.go:237.2,237.22 1 0
github.com/grigri/pv/internal/tui/factory.go:237.22,239.3 1 0
github.com/grigri/pv/internal/tui/factory.go:242.2,245.16 3 0
github.com/grigri/pv/internal/tui/factory.go:245.16,247.3 1 0
github.com/grigri/pv/internal/tui/factory.go:249.2,249.24 1 0
github.com/grigri/pv/internal/tui/factory.go:255.53,257.2 1 0
github.com/grigri/pv/internal/tui/factory.go:262.56,264.2 1 0
github.com/grigri/pv/internal/tui/factory.go:267.52,269.2 1 0
github.com/grigri/pv/internal/tui/factory.go:272.48,274.2 1 0
github.com/grigri/pv/internal/tui/factory.go:279.37,283.2 0 0
github.com/grigri/pv/internal/tui/interface.go:31.36,32.12 1 1
github.com/grigri/pv/internal/tui/interface.go:33.15,34.15 1 1
github.com/grigri/pv/internal/tui/interface.go:35.20,36.20 1 1
github.com/grigri/pv/internal/tui/interface.go:37.10,38.19 1 1
github.com/grigri/pv/internal/tui/mock.go:41.28,47.2 1 1
github.com/grigri/pv/internal/tui/mock.go:52.80,61.32 3 1
github.com/grigri/pv/internal/tui/mock.go:61.32,63.3 1 1
github.com/grigri/pv/internal/tui/mock.go:66.2,66.34 1 1
github.com/grigri/pv/internal/tui/mock.go:66.34,68.3 1 0
github.com/grigri/pv/internal/tui/mock.go:71.2,71.32 1 1
github.com/grigri/pv/internal/tui/mock.go:71.32,73.3 1 0
github.com/grigri/pv/internal/tui/mock.go:76.2,76.23 1 1
github.com/grigri/pv/internal/tui/mock.go:76.23,78.3 1 1
github.com/grigri/pv/internal/tui/mock.go:81.2,81.31 1 1
github.com/grigri/pv/internal/tui/mock.go:81.31,83.3 1 1
github.com/grigri/pv/internal/tui/mock.go:86.2,86.24 1 1
github.com/grigri/pv/internal/tui/mock.go:92.66,101.32 3 1
github.com/grigri/pv/internal/tui/mock.go:101.32,103.3 1 0
github.com/grigri/pv/internal/tui/mock.go:106.2,106.29 1 1
github.com/grigri/pv/internal/tui/mock.go:106.29,108.3 1 0
github.com/grigri/pv/internal/tui/mock.go:111.2,111.29 1 1
github.com/grigri/pv/internal/tui/mock.go:116.27,128.2 11 1
github.com/grigri/pv/internal/tui/mock.go:131.61,133.37 2 1
github.com/grigri/pv/internal/tui/mock.go:133.37,134.32 1 1
github.com/grigri/pv/internal/tui/mock.go:134.32,136.4 1 1
github.com/grigri/pv/internal/tui/mock.go:138.2,138.14 1 1
github.com/grigri/pv/internal/tui/mock.go:142.51,143.29 1 1
github.com/grigri/pv/internal/tui/mock.go:143.29,145.3 1 0
github.com/grigri/pv/internal/tui/mock.go:146.2,146.45 1 1
github.com/grigri/pv/internal/tui/mock.go:150.88,151.37 1 1
github.com/grigri/pv/internal/tui/mock.go:151.37,152.32 1 1
github.com/grigri/pv/internal/tui/mock.go:152.32,153.22 1 1
github.com/grigri/pv/internal/tui/mock.go:154.26,155.54 1 0
github.com/grigri/pv/internal/tui/mock.go:155.54,156.59 1 0
github.com/grigri/pv/internal/tui/mock.go:156.59,158.7 1 0
github.com/grigri/pv/internal/tui/mock.go:160.23,161.51 1 1
github.com/grigri/pv/internal/tui/mock.go:161.51,162.57 1 1
github.com/grigri/pv/internal/tui/mock.go:162.57,164.7 1 1
github.com/grigri/pv/internal/tui/mock.go:169.2,169.14 1 0
github.com/grigri/pv/internal/tui/mock.go:173.99,178.2 4 1
github.com/grigri/pv/internal/tui/mock.go:181.94,183.2 1 0
github.com/grigri/pv/internal/tui/mock.go:186.65,189.2 2 1
github.com/grigri/pv/internal/tui/mock.go:192.62,193.19 1 1
github.com/grigri/pv/internal/tui/mock.go:194.21,195.36 1 1
github.com/grigri/pv/internal/tui/mock.go:196.25,197.38 1 0
github.com/grigri/pv/internal/tui/mock.go:198.23,199.36 1 0
github.com/grigri/pv/internal/tui/mock.go:200.32,201.66 1 0
github.com/grigri/pv/internal/tui/mock.go:202.28,203.59 1 0
github.com/grigri/pv/internal/tui/mock.go:204.10,205.57 1 1
github.com/grigri/pv/internal/tui/mock.go:207.2,207.12 1 1
github.com/grigri/pv/internal/tui/mock.go:211.50,217.35 5 1
github.com/grigri/pv/internal/tui/mock.go:217.35,219.3 1 0
github.com/grigri/pv/internal/tui/mock.go:221.2,221.32 1 1
github.com/grigri/pv/internal/tui/mock.go:221.32,224.3 2 1
github.com/grigri/pv/internal/tui/mock.go:226.2,226.16 1 1
github.com/grigri/pv/internal/tui/mock.go:230.52,231.22 1 1
github.com/grigri/pv/internal/tui/mock.go:231.22,233.3 1 1
github.com/grigri/pv/internal/tui/mock.go:234.2,234.19 1 1
github.com/grigri/pv/internal/tui/mock.go:234.19,235.25 1 1
github.com/grigri/pv/internal/tui/mock.go:235.25,237.4 1 1
github.com/grigri/pv/internal/tui/mock.go:239.2,239.13 1 1
github.com/grigri/pv/internal/tui/prompt_list.go:26.95,38.2 1 1
github.com/grigri/pv/internal/tui/prompt_list.go:41.50,53.2 1 1
github.com/grigri/pv/internal/tui/prompt_list.go:68.41,70.2 1 1
github.com/grigri/pv/internal/tui/prompt_list.go:73.67,74.27 1 1
github.com/grigri/pv/internal/tui/prompt_list.go:75.18,76.31 1 1
github.com/grigri/pv/internal/tui/prompt_list.go:77.24,78.41 1 1
github.com/grigri/pv/internal/tui/prompt_list.go:79.26,80.37 1 1
github.com/grigri/pv/internal/tui/prompt_list.go:81.25,82.16 1 1
github.com/grigri/pv/internal/tui/prompt_list.go:84.2,84.15 1 0
github.com/grigri/pv/internal/tui/prompt_list.go:88.78,90.15 1 1
github.com/grigri/pv/internal/tui/prompt_list.go:90.15,92.3 1 1
github.com/grigri/pv/internal/tui/prompt_list.go:94.2,94.22 1 1
github.com/grigri/pv/internal/tui/prompt_list.go:95.36,98.21 3 1
github.com/grigri/pv/internal/tui/prompt_list.go:100.13,101.19 1 1
github.com/grigri/pv/internal/tui/prompt_list.go:101.19,103.4 1 1
github.com/grigri/pv/internal/tui/prompt_list.go:105.15,106.34 1 1
github.com/grigri/pv/internal/tui/prompt_list.go:106.34,108.4 1 1
github.com/grigri/pv/internal/tui/prompt_list.go:110.15,111.15 1 1
github.com/grigri/pv/internal/tui/prompt_list.go:113.14,114.25 1 1
github.com/grigri/pv/internal/tui/prompt_list.go:114.25,116.4 1 1
github.com/grigri/pv/internal/tui/prompt_list.go:118.17,119.33 1 1
github.com/grigri/pv/internal/tui/prompt_list.go:121.19,122.48 1 1
github.com/grigri/pv/internal/tui/prompt_list.go:124.16,125.71 1 1
github.com/grigri/pv/internal/tui/prompt_list.go:125.71,129.4 3 1
github.com/grigri/pv/internal/tui/prompt_list.go:132.2,132.15 1 1
github.com/grigri/pv/internal/tui/prompt_list.go:136.84,143.2 6 1
github.com/grigri/pv/internal/tui/prompt_list.go:146.82,150.2 3 1
github.com/grigri/pv/internal/tui/prompt_list.go:153.40,154.15 1 1
github.com/grigri/pv/internal/tui/prompt_list.go:154.15,156.3 1 1
github.com/grigri/pv/internal/tui/prompt_list.go:158.2,158.18 1 1
github.com/grigri/pv/internal/tui/prompt_list.go:158.18,160.3 1 1
github.com/grigri/pv/internal/tui/prompt_list.go:162.2,162.25 1 1
github.com/grigri/pv/internal/tui/prompt_list.go:162.25,164.3 1 1
github.com/grigri/pv/internal/tui/prompt_list.go:166.2,166.27 1 1
github.com/grigri/pv/internal/tui/prompt_list.go:170.53,180.2 3 1
github.com/grigri/pv/internal/tui/prompt_list.go:183.51,201.2 4 1
github.com/grigri/pv/internal/tui/prompt_list.go:204.51,213.28 3 1
github.com/grigri/pv/internal/tui/prompt_list.go:213.28,215.3 1 1
github.com/grigri/pv/internal/tui/prompt_list.go:215.8,217.3 1 1
github.com/grigri/pv/internal/tui/prompt_list.go:219.2,220.30 2 1
github.com/grigri/pv/internal/tui/prompt_list.go:224.50,227.28 2 1
github.com/grigri/pv/internal/tui/prompt_list.go:227.28,229.3 1 0
github.com/grigri/pv/internal/tui/prompt_list.go:229.8,231.3 1 1
github.com/grigri/pv/internal/tui/prompt_list.go:233.2,242.35 4 1
github.com/grigri/pv/internal/tui/prompt_list.go:242.35,245.3 2 1
github.com/grigri/pv/internal/tui/prompt_list.go:247.2,264.39 6 1
github.com/grigri/pv/internal/tui/prompt_list.go:268.95,274.37 3 1
github.com/grigri/pv/internal/tui/prompt_list.go:274.37,276.3 1 1
github.com/grigri/pv/internal/tui/prompt_list.go:279.2,280.39 2 1
github.com/grigri/pv/internal/tui/prompt_list.go:280.39,282.3 1 1
github.com/grigri/pv/internal/tui/prompt_list.go:284.2,286.14 2 1
github.com/grigri/pv/internal/tui/prompt_list.go:286.14,294.3 2 1
github.com/grigri/pv/internal/tui/prompt_list.go:294.8,300.3 2 1
github.com/grigri/pv/internal/tui/prompt_list.go:304.54,306.2 1 1
github.com/grigri/pv/internal/tui/prompt_list.go:309.40,311.2 1 1
github.com/grigri/pv/internal/tui/prompt_list.go:314.41,316.2 1 1
github.com/grigri/pv/internal/tui/prompt_list.go:319.43,321.2 1 1
github.com/grigri/pv/internal/tui/prompt_list.go:324.100,325.24 1 1
github.com/grigri/pv/internal/tui/prompt_list.go:325.24,331.3 1 1
github.com/grigri/pv/internal/tui/prompt_list.go:335.55,336.24 1 1
github.com/grigri/pv/internal/tui/prompt_list.go:336.24,338.3 1 1
github.com/grigri/pv/internal/tui/prompt_list.go:342.24,343.11 1 1
github.com/grigri/pv/internal/tui/prompt_list.go:343.11,345.3 1 1
github.com/grigri/pv/internal/tui/prompt_list.go:346.2,346.10 1 0
github.com/grigri/pv/internal/tui/prompt_list.go:349.24,350.11 1 1
github.com/grigri/pv/internal/tui/prompt_list.go:350.11,352.3 1 1
github.com/grigri/pv/internal/tui/prompt_list.go:353.2,353.10 1 0
github.com/grigri/pv/internal/tui/testing_utils.go:19.52,24.2 1 1
github.com/grigri/pv/internal/tui/testing_utils.go:27.61,39.2 2 1
github.com/grigri/pv/internal/tui/testing_utils.go:42.73,44.29 2 1
github.com/grigri/pv/internal/tui/testing_utils.go:44.29,46.3 1 1
github.com/grigri/pv/internal/tui/testing_utils.go:47.2,47.16 1 1
github.com/grigri/pv/internal/tui/testing_utils.go:52.100,54.29 2 1
github.com/grigri/pv/internal/tui/testing_utils.go:54.29,57.16 2 1
github.com/grigri/pv/internal/tui/testing_utils.go:58.10,59.60 1 1
github.com/grigri/pv/internal/tui/testing_utils.go:60.10,61.64 1 1
github.com/grigri/pv/internal/tui/testing_utils.go:62.10,63.92 1 1
github.com/grigri/pv/internal/tui/testing_utils.go:65.3,65.22 1 1
github.com/grigri/pv/internal/tui/testing_utils.go:67.2,67.16 1 1
github.com/grigri/pv/internal/tui/testing_utils.go:71.72,73.2 1 1
github.com/grigri/pv/internal/tui/testing_utils.go:76.109,87.2 1 1
github.com/grigri/pv/internal/tui/testing_utils.go:90.67,107.2 5 1
github.com/grigri/pv/internal/tui/testing_utils.go:116.64,120.2 1 1
github.com/grigri/pv/internal/tui/testing_utils.go:123.91,124.44 1 1
github.com/grigri/pv/internal/tui/testing_utils.go:124.44,126.3 1 0
github.com/grigri/pv/internal/tui/testing_utils.go:128.2,129.55 2 1
github.com/grigri/pv/internal/tui/testing_utils.go:133.85,134.41 1 1
github.com/grigri/pv/internal/tui/testing_utils.go:134.41,136.3 1 0
github.com/grigri/pv/internal/tui/testing_utils.go:138.2,139.41 2 1
github.com/grigri/pv/internal/tui/testing_utils.go:143.88,144.56 1 1
github.com/grigri/pv/internal/tui/testing_utils.go:144.56,146.3 1 0
github.com/grigri/pv/internal/tui/testing_utils.go:149.2,150.50 2 1
github.com/grigri/pv/internal/tui/testing_utils.go:150.50,151.67 1 1
github.com/grigri/pv/internal/tui/testing_utils.go:151.67,153.4 1 0
github.com/grigri/pv/internal/tui/testing_utils.go:156.2,156.13 1 1
github.com/grigri/pv/internal/tui/testing_utils.go:160.58,162.2 1 1
github.com/grigri/pv/internal/tui/testing_utils.go:165.96,167.2 1 1
github.com/grigri/pv/internal/tui/testing_utils.go:176.74,180.2 1 1
github.com/grigri/pv/internal/tui/testing_utils.go:183.61,185.2 1 1
github.com/grigri/pv/internal/tui/testing_utils.go:188.59,190.2 1 1
github.com/grigri/pv/internal/tui/testing_utils.go:193.62,195.2 1 1
github.com/grigri/pv/internal/tui/testing_utils.go:198.75,200.2 1 1
github.com/grigri/pv/internal/tui/testing_utils.go:203.72,205.2 1 1
github.com/grigri/pv/internal/tui/testing_utils.go:208.75,210.2 1 1
github.com/grigri/pv/internal/tui/testing_utils.go:213.59,216.2 1 1
github.com/grigri/pv/internal/tui/testing_utils.go:227.52,235.2 2 1
github.com/grigri/pv/internal/tui/testing_utils.go:238.53,240.2 1 1
github.com/grigri/pv/internal/tui/testing_utils.go:243.67,245.2 1 1
github.com/grigri/pv/internal/tui/testing_utils.go:248.65,250.2 1 1
github.com/grigri/pv/internal/tui/testing_utils.go:253.70,255.2 1 1
github.com/grigri/pv/internal/tui/testing_utils.go:258.93,261.2 2 1
github.com/grigri/pv/internal/tui/testing_utils.go:264.86,267.2 2 1
github.com/grigri/pv/internal/tui/testing_utils.go:270.75,273.2 2 1
github.com/grigri/pv/internal/tui/testing_utils.go:276.73,279.2 2 0
github.com/grigri/pv/internal/tui/testing_utils.go:282.76,285.2 2 0
github.com/grigri/pv/internal/tui/testing_utils.go:288.60,291.2 2 1
github.com/grigri/pv/internal/tui/testing_utils.go:294.70,296.2 1 1
github.com/grigri/pv/internal/tui/testing_utils.go:314.49,337.2 1 1
github.com/grigri/pv/internal/tui/testing_utils.go:340.46,342.2 1 1
github.com/grigri/pv/internal/tui/testing_utils.go:345.44,356.2 1 1
