mode: set
github.com/grigri/pv/internal/errors/delete_errors.go:79.80,81.2 1 1
github.com/grigri/pv/internal/errors/delete_errors.go:84.40,86.29 2 1
github.com/grigri/pv/internal/errors/delete_errors.go:86.29,88.3 1 1
github.com/grigri/pv/internal/errors/delete_errors.go:89.2,89.14 1 1
github.com/grigri/pv/internal/errors/delete_errors.go:93.39,95.29 2 0
github.com/grigri/pv/internal/errors/delete_errors.go:95.29,97.3 1 0
github.com/grigri/pv/internal/errors/delete_errors.go:98.2,98.14 1 0
github.com/grigri/pv/internal/errors/delete_errors.go:102.39,104.29 2 0
github.com/grigri/pv/internal/errors/delete_errors.go:104.29,106.3 1 0
github.com/grigri/pv/internal/errors/delete_errors.go:107.2,107.14 1 0
github.com/grigri/pv/internal/errors/delete_errors.go:111.40,113.29 2 0
github.com/grigri/pv/internal/errors/delete_errors.go:113.29,115.3 1 0
github.com/grigri/pv/internal/errors/delete_errors.go:116.2,116.14 1 0
github.com/grigri/pv/internal/errors/errors.go:31.34,32.18 1 1
github.com/grigri/pv/internal/errors/errors.go:32.18,34.3 1 1
github.com/grigri/pv/internal/errors/errors.go:35.2,35.18 1 0
github.com/grigri/pv/internal/errors/errors.go:39.34,41.2 1 0
github.com/grigri/pv/internal/errors/errors.go:44.41,46.9 2 0
github.com/grigri/pv/internal/errors/errors.go:46.9,48.3 1 0
github.com/grigri/pv/internal/errors/errors.go:49.2,49.25 1 0
github.com/grigri/pv/internal/errors/errors.go:53.73,59.2 1 1
github.com/grigri/pv/internal/errors/prompt_errors.go:39.41,41.2 1 0
