mode: set
github.com/grigri/pv/internal/service/auth_service_impl.go:23.15,29.2 1 0
github.com/grigri/pv/internal/service/auth_service_impl.go:32.49,35.16 2 0
github.com/grigri/pv/internal/service/auth_service_impl.go:35.16,37.3 1 0
github.com/grigri/pv/internal/service/auth_service_impl.go:39.2,39.21 1 0
github.com/grigri/pv/internal/service/auth_service_impl.go:39.21,40.58 1 0
github.com/grigri/pv/internal/service/auth_service_impl.go:40.58,42.4 1 0
github.com/grigri/pv/internal/service/auth_service_impl.go:43.3,43.32 1 0
github.com/grigri/pv/internal/service/auth_service_impl.go:46.2,46.26 1 0
github.com/grigri/pv/internal/service/auth_service_impl.go:46.26,48.3 1 0
github.com/grigri/pv/internal/service/auth_service_impl.go:51.2,51.55 1 0
github.com/grigri/pv/internal/service/auth_service_impl.go:51.55,57.3 1 0
github.com/grigri/pv/internal/service/auth_service_impl.go:59.2,59.12 1 0
github.com/grigri/pv/internal/service/auth_service_impl.go:63.56,70.16 3 0
github.com/grigri/pv/internal/service/auth_service_impl.go:70.16,71.37 1 0
github.com/grigri/pv/internal/service/auth_service_impl.go:71.37,74.4 1 0
github.com/grigri/pv/internal/service/auth_service_impl.go:75.3,75.18 1 0
github.com/grigri/pv/internal/service/auth_service_impl.go:79.2,80.16 2 0
github.com/grigri/pv/internal/service/auth_service_impl.go:80.16,82.44 1 0
github.com/grigri/pv/internal/service/auth_service_impl.go:82.44,84.4 1 0
github.com/grigri/pv/internal/service/auth_service_impl.go:86.3,86.21 1 0
github.com/grigri/pv/internal/service/auth_service_impl.go:89.2,89.42 1 0
github.com/grigri/pv/internal/service/auth_service_impl.go:89.42,93.3 3 0
github.com/grigri/pv/internal/service/auth_service_impl.go:95.2,95.20 1 0
github.com/grigri/pv/internal/service/auth_service_impl.go:99.38,100.52 1 0
github.com/grigri/pv/internal/service/auth_service_impl.go:100.52,106.3 1 0
github.com/grigri/pv/internal/service/auth_service_impl.go:108.2,108.12 1 0
github.com/grigri/pv/internal/service/auth_service_impl.go:112.46,114.2 1 0
github.com/grigri/pv/internal/service/auth_service_impl.go:117.50,118.29 1 0
github.com/grigri/pv/internal/service/auth_service_impl.go:118.29,120.3 1 0
github.com/grigri/pv/internal/service/auth_service_impl.go:122.2,122.24 1 0
github.com/grigri/pv/internal/service/auth_service_impl.go:122.24,124.3 1 0
github.com/grigri/pv/internal/service/auth_service_impl.go:125.2,125.64 1 0
github.com/grigri/pv/internal/service/auth_service_impl.go:129.32,131.2 1 0
github.com/grigri/pv/internal/service/prompt_service_impl.go:28.17,33.2 1 1
github.com/grigri/pv/internal/service/prompt_service_impl.go:36.81,38.39 1 0
github.com/grigri/pv/internal/service/prompt_service_impl.go:38.39,44.3 1 0
github.com/grigri/pv/internal/service/prompt_service_impl.go:47.2,48.16 2 0
github.com/grigri/pv/internal/service/prompt_service_impl.go:48.16,54.3 1 0
github.com/grigri/pv/internal/service/prompt_service_impl.go:57.2,57.52 1 0
github.com/grigri/pv/internal/service/prompt_service_impl.go:57.52,63.3 1 0
github.com/grigri/pv/internal/service/prompt_service_impl.go:66.2,67.16 2 0
github.com/grigri/pv/internal/service/prompt_service_impl.go:67.16,73.3 1 0
github.com/grigri/pv/internal/service/prompt_service_impl.go:76.2,77.16 2 0
github.com/grigri/pv/internal/service/prompt_service_impl.go:77.16,79.3 1 0
github.com/grigri/pv/internal/service/prompt_service_impl.go:82.2,82.72 1 0
github.com/grigri/pv/internal/service/prompt_service_impl.go:82.72,84.3 1 0
github.com/grigri/pv/internal/service/prompt_service_impl.go:87.2,99.45 2 0
github.com/grigri/pv/internal/service/prompt_service_impl.go:99.45,105.3 1 0
github.com/grigri/pv/internal/service/prompt_service_impl.go:107.2,107.20 1 0
github.com/grigri/pv/internal/service/prompt_service_impl.go:111.67,115.38 2 1
github.com/grigri/pv/internal/service/prompt_service_impl.go:115.38,121.3 1 1
github.com/grigri/pv/internal/service/prompt_service_impl.go:124.2,125.16 2 1
github.com/grigri/pv/internal/service/prompt_service_impl.go:125.16,132.3 2 1
github.com/grigri/pv/internal/service/prompt_service_impl.go:135.2,135.31 1 1
github.com/grigri/pv/internal/service/prompt_service_impl.go:135.31,138.3 2 1
github.com/grigri/pv/internal/service/prompt_service_impl.go:143.2,146.41 2 1
github.com/grigri/pv/internal/service/prompt_service_impl.go:146.41,149.17 3 1
github.com/grigri/pv/internal/service/prompt_service_impl.go:149.17,156.4 2 1
github.com/grigri/pv/internal/service/prompt_service_impl.go:159.2,160.12 2 1
github.com/grigri/pv/internal/service/prompt_service_impl.go:164.63,169.16 3 1
github.com/grigri/pv/internal/service/prompt_service_impl.go:169.16,172.3 2 1
github.com/grigri/pv/internal/service/prompt_service_impl.go:174.2,178.16 3 1
github.com/grigri/pv/internal/service/prompt_service_impl.go:178.16,185.3 2 1
github.com/grigri/pv/internal/service/prompt_service_impl.go:188.2,188.31 1 1
github.com/grigri/pv/internal/service/prompt_service_impl.go:188.31,191.3 2 1
github.com/grigri/pv/internal/service/prompt_service_impl.go:194.2,196.16 3 1
github.com/grigri/pv/internal/service/prompt_service_impl.go:196.16,203.3 2 1
github.com/grigri/pv/internal/service/prompt_service_impl.go:205.2,206.12 2 1
github.com/grigri/pv/internal/service/prompt_service_impl.go:210.71,214.16 3 0
github.com/grigri/pv/internal/service/prompt_service_impl.go:214.16,216.30 1 0
github.com/grigri/pv/internal/service/prompt_service_impl.go:216.30,223.4 2 0
github.com/grigri/pv/internal/service/prompt_service_impl.go:224.3,224.33 1 0
github.com/grigri/pv/internal/service/prompt_service_impl.go:224.33,227.4 2 0
github.com/grigri/pv/internal/service/prompt_service_impl.go:229.3,234.4 2 0
github.com/grigri/pv/internal/service/prompt_service_impl.go:237.2,238.21 2 0
github.com/grigri/pv/internal/service/prompt_service_impl.go:242.87,246.38 2 0
github.com/grigri/pv/internal/service/prompt_service_impl.go:246.38,252.3 1 0
github.com/grigri/pv/internal/service/prompt_service_impl.go:255.2,256.16 2 0
github.com/grigri/pv/internal/service/prompt_service_impl.go:256.16,258.30 1 0
github.com/grigri/pv/internal/service/prompt_service_impl.go:258.30,265.4 2 0
github.com/grigri/pv/internal/service/prompt_service_impl.go:266.3,266.33 1 0
github.com/grigri/pv/internal/service/prompt_service_impl.go:266.33,269.4 2 0
github.com/grigri/pv/internal/service/prompt_service_impl.go:271.3,276.4 2 0
github.com/grigri/pv/internal/service/prompt_service_impl.go:279.2,282.29 2 0
github.com/grigri/pv/internal/service/prompt_service_impl.go:286.75,288.38 1 1
github.com/grigri/pv/internal/service/prompt_service_impl.go:288.38,290.3 1 1
github.com/grigri/pv/internal/service/prompt_service_impl.go:293.2,294.16 2 1
github.com/grigri/pv/internal/service/prompt_service_impl.go:294.16,296.3 1 0
github.com/grigri/pv/internal/service/prompt_service_impl.go:299.2,299.75 1 1
github.com/grigri/pv/internal/service/prompt_service_impl.go:299.75,301.3 1 1
github.com/grigri/pv/internal/service/prompt_service_impl.go:306.2,309.25 3 1
github.com/grigri/pv/internal/service/prompt_service_impl.go:309.25,312.3 1 1
github.com/grigri/pv/internal/service/prompt_service_impl.go:312.8,312.32 1 0
github.com/grigri/pv/internal/service/prompt_service_impl.go:312.32,315.3 1 0
github.com/grigri/pv/internal/service/prompt_service_impl.go:315.8,317.3 1 0
github.com/grigri/pv/internal/service/prompt_service_impl.go:320.2,321.40 2 1
github.com/grigri/pv/internal/service/prompt_service_impl.go:321.40,323.3 1 1
github.com/grigri/pv/internal/service/prompt_service_impl.go:326.2,326.22 1 1
github.com/grigri/pv/internal/service/prompt_service_impl.go:326.22,328.3 1 1
github.com/grigri/pv/internal/service/prompt_service_impl.go:330.2,330.20 1 1
